{"total": {"lines":{"total":461,"covered":119,"skipped":0,"pct":25.81},"statements":{"total":508,"covered":126,"skipped":0,"pct":24.8},"functions":{"total":112,"covered":19,"skipped":0,"pct":16.96},"branches":{"total":196,"covered":20,"skipped":0,"pct":10.2}}
,"/home/eric/sd-07-project-recipes-app/src/App.js": {"lines":{"total":1,"covered":1,"skipped":0,"pct":100},"functions":{"total":1,"covered":1,"skipped":0,"pct":100},"statements":{"total":1,"covered":1,"skipped":0,"pct":100},"branches":{"total":0,"covered":0,"skipped":0,"pct":100}}
,"/home/eric/sd-07-project-recipes-app/src/Routes.jsx": {"lines":{"total":1,"covered":1,"skipped":0,"pct":100},"functions":{"total":1,"covered":1,"skipped":0,"pct":100},"statements":{"total":1,"covered":1,"skipped":0,"pct":100},"branches":{"total":0,"covered":0,"skipped":0,"pct":100}}
,"/home/eric/sd-07-project-recipes-app/src/renderWithRouter.js": {"lines":{"total":3,"covered":3,"skipped":0,"pct":100},"functions":{"total":1,"covered":1,"skipped":0,"pct":100},"statements":{"total":3,"covered":3,"skipped":0,"pct":100},"branches":{"total":0,"covered":0,"skipped":0,"pct":100}}
,"/home/eric/sd-07-project-recipes-app/src/Context/RecipesProvider.jsx": {"lines":{"total":83,"covered":28,"skipped":0,"pct":33.73},"functions":{"total":21,"covered":5,"skipped":0,"pct":23.81},"statements":{"total":97,"covered":32,"skipped":0,"pct":32.99},"branches":{"total":30,"covered":0,"skipped":0,"pct":0}}
,"/home/eric/sd-07-project-recipes-app/src/Hooks/useLoadApiData.js": {"lines":{"total":27,"covered":17,"skipped":0,"pct":62.96},"functions":{"total":10,"covered":3,"skipped":0,"pct":30},"statements":{"total":28,"covered":17,"skipped":0,"pct":60.71},"branches":{"total":20,"covered":12,"skipped":0,"pct":60}}
,"/home/eric/sd-07-project-recipes-app/src/Hooks/useLoadRecipeDetails.js": {"lines":{"total":54,"covered":2,"skipped":0,"pct":3.7},"functions":{"total":19,"covered":0,"skipped":0,"pct":0},"statements":{"total":60,"covered":2,"skipped":0,"pct":3.33},"branches":{"total":8,"covered":0,"skipped":0,"pct":0}}
,"/home/eric/sd-07-project-recipes-app/src/Hooks/useLocalStorage.js": {"lines":{"total":23,"covered":23,"skipped":0,"pct":100},"functions":{"total":4,"covered":4,"skipped":0,"pct":100},"statements":{"total":26,"covered":26,"skipped":0,"pct":100},"branches":{"total":8,"covered":8,"skipped":0,"pct":100}}
,"/home/eric/sd-07-project-recipes-app/src/components/CardDrinks/CardDrinks.jsx": {"lines":{"total":4,"covered":1,"skipped":0,"pct":25},"functions":{"total":1,"covered":0,"skipped":0,"pct":0},"statements":{"total":4,"covered":1,"skipped":0,"pct":25},"branches":{"total":0,"covered":0,"skipped":0,"pct":100}}
,"/home/eric/sd-07-project-recipes-app/src/components/CardMeals/CardMeals.jsx": {"lines":{"total":4,"covered":1,"skipped":0,"pct":25},"functions":{"total":1,"covered":0,"skipped":0,"pct":0},"statements":{"total":4,"covered":1,"skipped":0,"pct":25},"branches":{"total":0,"covered":0,"skipped":0,"pct":100}}
,"/home/eric/sd-07-project-recipes-app/src/components/Header/HeaderNoSearch.jsx": {"lines":{"total":8,"covered":1,"skipped":0,"pct":12.5},"functions":{"total":3,"covered":0,"skipped":0,"pct":0},"statements":{"total":8,"covered":1,"skipped":0,"pct":12.5},"branches":{"total":4,"covered":0,"skipped":0,"pct":0}}
,"/home/eric/sd-07-project-recipes-app/src/components/RecipeProgress/RecipeProgress.jsx": {"lines":{"total":11,"covered":2,"skipped":0,"pct":18.18},"functions":{"total":1,"covered":0,"skipped":0,"pct":0},"statements":{"total":11,"covered":2,"skipped":0,"pct":18.18},"branches":{"total":10,"covered":0,"skipped":0,"pct":0}}
,"/home/eric/sd-07-project-recipes-app/src/components/RecipeProgress/RecipeToProgress.jsx": {"lines":{"total":36,"covered":2,"skipped":0,"pct":5.56},"functions":{"total":9,"covered":0,"skipped":0,"pct":0},"statements":{"total":36,"covered":2,"skipped":0,"pct":5.56},"branches":{"total":18,"covered":0,"skipped":0,"pct":0}}
,"/home/eric/sd-07-project-recipes-app/src/components/RecipeProgress/functionsRecipeToProgress.js": {"lines":{"total":9,"covered":1,"skipped":0,"pct":11.11},"functions":{"total":1,"covered":0,"skipped":0,"pct":0},"statements":{"total":9,"covered":1,"skipped":0,"pct":11.11},"branches":{"total":8,"covered":0,"skipped":0,"pct":0}}
,"/home/eric/sd-07-project-recipes-app/src/components/SearchBarDrinks/SearchBarByDrinks.jsx": {"lines":{"total":36,"covered":0,"skipped":0,"pct":0},"functions":{"total":7,"covered":0,"skipped":0,"pct":0},"statements":{"total":36,"covered":0,"skipped":0,"pct":0},"branches":{"total":22,"covered":0,"skipped":0,"pct":0}}
,"/home/eric/sd-07-project-recipes-app/src/components/SearchBarFood/SearchBarFood.jsx": {"lines":{"total":36,"covered":7,"skipped":0,"pct":19.44},"functions":{"total":7,"covered":1,"skipped":0,"pct":14.29},"statements":{"total":36,"covered":7,"skipped":0,"pct":19.44},"branches":{"total":22,"covered":0,"skipped":0,"pct":0}}
,"/home/eric/sd-07-project-recipes-app/src/services/cocktails-api.js": {"lines":{"total":55,"covered":11,"skipped":0,"pct":20},"functions":{"total":11,"covered":0,"skipped":0,"pct":0},"statements":{"total":65,"covered":11,"skipped":0,"pct":16.92},"branches":{"total":20,"covered":0,"skipped":0,"pct":0}}
,"/home/eric/sd-07-project-recipes-app/src/services/meals-api.js": {"lines":{"total":70,"covered":18,"skipped":0,"pct":25.71},"functions":{"total":14,"covered":3,"skipped":0,"pct":21.43},"statements":{"total":83,"covered":18,"skipped":0,"pct":21.69},"branches":{"total":26,"covered":0,"skipped":0,"pct":0}}
}
